  [1m[35m (1.6ms)[0m  [1m[35mCREATE TABLE "schema_migrations" ("version" varchar NOT NULL PRIMARY KEY)[0m
  [1m[35m (1.0ms)[0m  [1m[35mCREATE TABLE "ar_internal_metadata" ("key" varchar NOT NULL PRIMARY KEY, "value" varchar, "created_at" datetime NOT NULL, "updated_at" datetime NOT NULL)[0m
  [1m[36mActiveRecord::SchemaMigration Load (0.2ms)[0m  [1m[34mSELECT "schema_migrations".* FROM "schema_migrations"[0m
Migrating to InitTables (0)
  [1m[35m (0.1ms)[0m  [1m[36mbegin transaction[0m
DEPRECATION WARNING: Directly inheriting from ActiveRecord::Migration is deprecated. Please specify the Rails release the migration was written for:

  class InitTables < ActiveRecord::Migration[4.2] (called from load at /Users/pbardon/.rbenv/versions/2.7.5/bin/rake:23)
  [1m[35m (0.4ms)[0m  [1m[35mCREATE TABLE "logins" ("email" varchar, "password" varchar, "created_at" datetime, "updated_at" datetime)[0m
  [1m[35m (0.1ms)[0m  [1m[35mCREATE TABLE "tokens" ("token" varchar, "created_at" datetime, "updated_at" datetime)[0m
  [1m[35m (0.1ms)[0m  [1m[35mCREATE TABLE "users" ("email" varchar, "first_name" varchar, "last_name" varchar, "created_at" datetime, "updated_at" datetime)[0m
  [1m[35mSQL (0.2ms)[0m  [1m[32mINSERT INTO "schema_migrations" ("version") VALUES (?)[0m  [["version", "0"]]
  [1m[35m (0.7ms)[0m  [1m[36mcommit transaction[0m
  [1m[36mActiveRecord::InternalMetadata Load (0.1ms)[0m  [1m[34mSELECT  "ar_internal_metadata".* FROM "ar_internal_metadata" WHERE "ar_internal_metadata"."key" = ? LIMIT ?[0m  [["key", "environment"], ["LIMIT", 1]]
  [1m[35m (0.0ms)[0m  [1m[36mbegin transaction[0m
  [1m[35mSQL (0.3ms)[0m  [1m[32mINSERT INTO "ar_internal_metadata" ("key", "value", "created_at", "updated_at") VALUES (?, ?, ?, ?)[0m  [["key", "environment"], ["value", "development"], ["created_at", "2022-01-15 19:53:34.973404"], ["updated_at", "2022-01-15 19:53:34.973404"]]
  [1m[35m (0.6ms)[0m  [1m[36mcommit transaction[0m
  [1m[36mActiveRecord::SchemaMigration Load (0.1ms)[0m  [1m[34mSELECT "schema_migrations".* FROM "schema_migrations"[0m
Started GET "/" for ::1 at 2022-01-15 12:53:47 -0700
  [1m[36mActiveRecord::SchemaMigration Load (0.3ms)[0m  [1m[34mSELECT "schema_migrations".* FROM "schema_migrations"[0m
Processing by Rails::WelcomeController#index as HTML
  Parameters: {"internal"=>true}
  Rendering /Users/pbardon/.rbenv/versions/2.7.5/lib/ruby/gems/2.7.0/gems/railties-5.0.7.2/lib/rails/templates/rails/welcome/index.html.erb
  Rendered /Users/pbardon/.rbenv/versions/2.7.5/lib/ruby/gems/2.7.0/gems/railties-5.0.7.2/lib/rails/templates/rails/welcome/index.html.erb (6.2ms)
Completed 200 OK in 17ms (Views: 14.3ms | ActiveRecord: 0.0ms)


Started GET "/api-docs/index.html" for ::1 at 2022-01-15 12:53:53 -0700
  
ActionController::RoutingError (No route matches [GET] "/api-docs/index.html"):
  
actionpack (5.0.7.2) lib/action_dispatch/middleware/debug_exceptions.rb:53:in `call'
actionpack (5.0.7.2) lib/action_dispatch/middleware/show_exceptions.rb:31:in `call'
railties (5.0.7.2) lib/rails/rack/logger.rb:36:in `call_app'
railties (5.0.7.2) lib/rails/rack/logger.rb:24:in `block in call'
activesupport (5.0.7.2) lib/active_support/tagged_logging.rb:69:in `block in tagged'
activesupport (5.0.7.2) lib/active_support/tagged_logging.rb:26:in `tagged'
activesupport (5.0.7.2) lib/active_support/tagged_logging.rb:69:in `tagged'
railties (5.0.7.2) lib/rails/rack/logger.rb:24:in `call'
actionpack (5.0.7.2) lib/action_dispatch/middleware/request_id.rb:24:in `call'
rack (2.2.3) lib/rack/runtime.rb:22:in `call'
activesupport (5.0.7.2) lib/active_support/cache/strategy/local_cache_middleware.rb:28:in `call'
actionpack (5.0.7.2) lib/action_dispatch/middleware/executor.rb:12:in `call'
actionpack (5.0.7.2) lib/action_dispatch/middleware/static.rb:136:in `call'
rack (2.2.3) lib/rack/sendfile.rb:110:in `call'
railties (5.0.7.2) lib/rails/engine.rb:522:in `call'
puma (3.12.6) lib/puma/configuration.rb:227:in `call'
puma (3.12.6) lib/puma/server.rb:706:in `handle_request'
puma (3.12.6) lib/puma/server.rb:476:in `process_client'
puma (3.12.6) lib/puma/server.rb:334:in `block in run'
puma (3.12.6) lib/puma/thread_pool.rb:135:in `block in spawn_thread'
Started GET "/api-docs" for ::1 at 2022-01-15 12:53:56 -0700
  
ActionController::RoutingError (No route matches [GET] "/api-docs"):
  
actionpack (5.0.7.2) lib/action_dispatch/middleware/debug_exceptions.rb:53:in `call'
actionpack (5.0.7.2) lib/action_dispatch/middleware/show_exceptions.rb:31:in `call'
railties (5.0.7.2) lib/rails/rack/logger.rb:36:in `call_app'
railties (5.0.7.2) lib/rails/rack/logger.rb:24:in `block in call'
activesupport (5.0.7.2) lib/active_support/tagged_logging.rb:69:in `block in tagged'
activesupport (5.0.7.2) lib/active_support/tagged_logging.rb:26:in `tagged'
activesupport (5.0.7.2) lib/active_support/tagged_logging.rb:69:in `tagged'
railties (5.0.7.2) lib/rails/rack/logger.rb:24:in `call'
actionpack (5.0.7.2) lib/action_dispatch/middleware/request_id.rb:24:in `call'
rack (2.2.3) lib/rack/runtime.rb:22:in `call'
activesupport (5.0.7.2) lib/active_support/cache/strategy/local_cache_middleware.rb:28:in `call'
actionpack (5.0.7.2) lib/action_dispatch/middleware/executor.rb:12:in `call'
actionpack (5.0.7.2) lib/action_dispatch/middleware/static.rb:136:in `call'
rack (2.2.3) lib/rack/sendfile.rb:110:in `call'
railties (5.0.7.2) lib/rails/engine.rb:522:in `call'
puma (3.12.6) lib/puma/configuration.rb:227:in `call'
puma (3.12.6) lib/puma/server.rb:706:in `handle_request'
puma (3.12.6) lib/puma/server.rb:476:in `process_client'
puma (3.12.6) lib/puma/server.rb:334:in `block in run'
puma (3.12.6) lib/puma/thread_pool.rb:135:in `block in spawn_thread'
Started GET "/api-docs" for ::1 at 2022-01-15 12:54:34 -0700
  [1m[36mActiveRecord::SchemaMigration Load (0.3ms)[0m  [1m[34mSELECT "schema_migrations".* FROM "schema_migrations"[0m
Started GET "/api-docs/index.html" for ::1 at 2022-01-15 12:54:34 -0700
Started GET "/api-docs/swagger-ui.css" for ::1 at 2022-01-15 12:54:34 -0700
Started GET "/api-docs/swagger-ui-bundle.js" for ::1 at 2022-01-15 12:54:34 -0700
Started GET "/api-docs/swagger-ui-standalone-preset.js" for ::1 at 2022-01-15 12:54:34 -0700
Started GET "/api-docs/favicon-32x32.png" for ::1 at 2022-01-15 12:54:35 -0700
Started GET "/api-docs/v1/swagger.yaml" for ::1 at 2022-01-15 12:54:35 -0700
Started GET "/api-docs/favicon-32x32.png" for ::1 at 2022-01-15 12:54:36 -0700
  [1m[35m (23.5ms)[0m  [1m[35mCREATE TABLE "schema_migrations" ("version" character varying PRIMARY KEY)[0m
  [1m[35m (20.5ms)[0m  [1m[35mCREATE TABLE "ar_internal_metadata" ("key" character varying PRIMARY KEY, "value" character varying, "created_at" timestamp NOT NULL, "updated_at" timestamp NOT NULL)[0m
  [1m[35m (0.3ms)[0m  [1m[34mSELECT pg_try_advisory_lock(4060398569113142865);[0m
  [1m[36mActiveRecord::SchemaMigration Load (0.5ms)[0m  [1m[34mSELECT "schema_migrations".* FROM "schema_migrations"[0m
Migrating to InitTables (0)
  [1m[35m (0.2ms)[0m  [1m[35mBEGIN[0m
DEPRECATION WARNING: Directly inheriting from ActiveRecord::Migration is deprecated. Please specify the Rails release the migration was written for:

  class InitTables < ActiveRecord::Migration[4.2] (called from load at /Users/pbardon/.rbenv/versions/2.7.5/bin/rake:23)
  [1m[35m (7.8ms)[0m  [1m[35mCREATE TABLE "logins" ("email" character varying, "password" character varying, "created_at" timestamp, "updated_at" timestamp)[0m
  [1m[35m (8.0ms)[0m  [1m[35mCREATE TABLE "tokens" ("token" character varying, "created_at" timestamp, "updated_at" timestamp)[0m
  [1m[35m (7.1ms)[0m  [1m[35mCREATE TABLE "users" ("email" character varying, "first_name" character varying, "last_name" character varying, "created_at" timestamp, "updated_at" timestamp)[0m
  [1m[35mSQL (0.9ms)[0m  [1m[32mINSERT INTO "schema_migrations" ("version") VALUES ($1) RETURNING "version"[0m  [["version", "0"]]
  [1m[35m (0.5ms)[0m  [1m[35mCOMMIT[0m
  [1m[36mActiveRecord::InternalMetadata Load (0.4ms)[0m  [1m[34mSELECT  "ar_internal_metadata".* FROM "ar_internal_metadata" WHERE "ar_internal_metadata"."key" = $1 LIMIT $2[0m  [["key", "environment"], ["LIMIT", 1]]
  [1m[35m (0.3ms)[0m  [1m[35mBEGIN[0m
  [1m[35mSQL (0.5ms)[0m  [1m[32mINSERT INTO "ar_internal_metadata" ("key", "value", "created_at", "updated_at") VALUES ($1, $2, $3, $4) RETURNING "key"[0m  [["key", "environment"], ["value", "development"], ["created_at", "2022-01-16 01:22:35.510857"], ["updated_at", "2022-01-16 01:22:35.510857"]]
  [1m[35m (0.2ms)[0m  [1m[35mCOMMIT[0m
  [1m[35m (0.2ms)[0m  [1m[34mSELECT pg_advisory_unlock(4060398569113142865)[0m
  [1m[36mActiveRecord::SchemaMigration Load (0.2ms)[0m  [1m[34mSELECT "schema_migrations".* FROM "schema_migrations"[0m
Started GET "/api-docs/index.html" for ::1 at 2022-01-15 18:22:51 -0700
  [1m[36mActiveRecord::SchemaMigration Load (0.5ms)[0m  [1m[34mSELECT "schema_migrations".* FROM "schema_migrations"[0m
Started GET "/api-docs/swagger-ui.css" for ::1 at 2022-01-15 18:22:52 -0700
Started GET "/api-docs/swagger-ui-bundle.js" for ::1 at 2022-01-15 18:22:52 -0700
Started GET "/api-docs/swagger-ui-standalone-preset.js" for ::1 at 2022-01-15 18:22:52 -0700
Started GET "/api-docs/favicon-32x32.png" for ::1 at 2022-01-15 18:22:52 -0700
Started GET "/api-docs/v1/swagger.yaml" for ::1 at 2022-01-15 18:22:53 -0700
  [1m[35m (12.2ms)[0m  [1m[34mSELECT pg_try_advisory_lock(4060398569113142865);[0m
  [1m[36mActiveRecord::SchemaMigration Load (0.6ms)[0m  [1m[34mSELECT "schema_migrations".* FROM "schema_migrations"[0m
Migrating to AddIdToUsers (20220118181639)
  [1m[35m (0.2ms)[0m  [1m[35mBEGIN[0m
  [1m[35m (51.0ms)[0m  [1m[35mALTER TABLE "users" ADD "id" serial primary key[0m
  [1m[35mSQL (0.8ms)[0m  [1m[32mINSERT INTO "schema_migrations" ("version") VALUES ($1) RETURNING "version"[0m  [["version", "20220118181639"]]
  [1m[35m (1.8ms)[0m  [1m[35mCOMMIT[0m
  [1m[36mActiveRecord::InternalMetadata Load (0.5ms)[0m  [1m[34mSELECT  "ar_internal_metadata".* FROM "ar_internal_metadata" WHERE "ar_internal_metadata"."key" = $1 LIMIT $2[0m  [["key", "environment"], ["LIMIT", 1]]
  [1m[35m (0.2ms)[0m  [1m[35mBEGIN[0m
  [1m[35m (0.1ms)[0m  [1m[35mCOMMIT[0m
  [1m[35m (0.2ms)[0m  [1m[34mSELECT pg_advisory_unlock(4060398569113142865)[0m
  [1m[36mActiveRecord::SchemaMigration Load (0.3ms)[0m  [1m[34mSELECT "schema_migrations".* FROM "schema_migrations"[0m
  [1m[35m (0.2ms)[0m  [1m[34mSELECT pg_try_advisory_lock(4060398569113142865);[0m
  [1m[36mActiveRecord::SchemaMigration Load (0.5ms)[0m  [1m[34mSELECT "schema_migrations".* FROM "schema_migrations"[0m
  [1m[36mActiveRecord::InternalMetadata Load (0.4ms)[0m  [1m[34mSELECT  "ar_internal_metadata".* FROM "ar_internal_metadata" WHERE "ar_internal_metadata"."key" = $1 LIMIT $2[0m  [["key", "environment"], ["LIMIT", 1]]
  [1m[35m (0.2ms)[0m  [1m[35mBEGIN[0m
  [1m[35m (0.2ms)[0m  [1m[35mCOMMIT[0m
  [1m[35m (0.2ms)[0m  [1m[34mSELECT pg_advisory_unlock(4060398569113142865)[0m
  [1m[36mActiveRecord::SchemaMigration Load (0.2ms)[0m  [1m[34mSELECT "schema_migrations".* FROM "schema_migrations"[0m
  [1m[35m (0.6ms)[0m  [1m[34mSELECT pg_try_advisory_lock(4060398569113142865);[0m
  [1m[36mActiveRecord::SchemaMigration Load (13.2ms)[0m  [1m[34mSELECT "schema_migrations".* FROM "schema_migrations"[0m
Migrating to AddPasswordDigestToUser (20220118230311)
  [1m[35m (0.3ms)[0m  [1m[35mBEGIN[0m
  [1m[35mSQL (48.5ms)[0m  [1m[32mINSERT INTO "schema_migrations" ("version") VALUES ($1) RETURNING "version"[0m  [["version", "20220118230311"]]
  [1m[35m (4.5ms)[0m  [1m[35mCOMMIT[0m
  [1m[36mActiveRecord::InternalMetadata Load (1.2ms)[0m  [1m[34mSELECT  "ar_internal_metadata".* FROM "ar_internal_metadata" WHERE "ar_internal_metadata"."key" = $1 LIMIT $2[0m  [["key", "environment"], ["LIMIT", 1]]
  [1m[35m (0.2ms)[0m  [1m[35mBEGIN[0m
  [1m[35m (0.2ms)[0m  [1m[35mCOMMIT[0m
  [1m[35m (0.2ms)[0m  [1m[34mSELECT pg_advisory_unlock(4060398569113142865)[0m
  [1m[36mActiveRecord::SchemaMigration Load (0.2ms)[0m  [1m[34mSELECT "schema_migrations".* FROM "schema_migrations"[0m
  [1m[35m (0.2ms)[0m  [1m[34mSELECT pg_try_advisory_lock(4060398569113142865);[0m
  [1m[36mActiveRecord::SchemaMigration Load (0.5ms)[0m  [1m[34mSELECT "schema_migrations".* FROM "schema_migrations"[0m
  [1m[36mActiveRecord::InternalMetadata Load (0.4ms)[0m  [1m[34mSELECT  "ar_internal_metadata".* FROM "ar_internal_metadata" WHERE "ar_internal_metadata"."key" = $1 LIMIT $2[0m  [["key", "environment"], ["LIMIT", 1]]
  [1m[35m (0.2ms)[0m  [1m[35mBEGIN[0m
  [1m[35m (0.1ms)[0m  [1m[35mCOMMIT[0m
  [1m[35m (0.2ms)[0m  [1m[34mSELECT pg_advisory_unlock(4060398569113142865)[0m
  [1m[36mActiveRecord::SchemaMigration Load (0.2ms)[0m  [1m[34mSELECT "schema_migrations".* FROM "schema_migrations"[0m
  [1m[35m (0.2ms)[0m  [1m[34mSELECT pg_try_advisory_lock(4060398569113142865);[0m
  [1m[36mActiveRecord::SchemaMigration Load (0.5ms)[0m  [1m[34mSELECT "schema_migrations".* FROM "schema_migrations"[0m
  [1m[36mActiveRecord::InternalMetadata Load (0.4ms)[0m  [1m[34mSELECT  "ar_internal_metadata".* FROM "ar_internal_metadata" WHERE "ar_internal_metadata"."key" = $1 LIMIT $2[0m  [["key", "environment"], ["LIMIT", 1]]
  [1m[35m (0.2ms)[0m  [1m[35mBEGIN[0m
  [1m[35m (0.2ms)[0m  [1m[35mCOMMIT[0m
  [1m[35m (0.2ms)[0m  [1m[34mSELECT pg_advisory_unlock(4060398569113142865)[0m
  [1m[36mActiveRecord::SchemaMigration Load (0.2ms)[0m  [1m[34mSELECT "schema_migrations".* FROM "schema_migrations"[0m
  [1m[35m (0.2ms)[0m  [1m[34mSELECT pg_try_advisory_lock(4060398569113142865);[0m
  [1m[36mActiveRecord::SchemaMigration Load (0.5ms)[0m  [1m[34mSELECT "schema_migrations".* FROM "schema_migrations"[0m
  [1m[36mActiveRecord::InternalMetadata Load (0.4ms)[0m  [1m[34mSELECT  "ar_internal_metadata".* FROM "ar_internal_metadata" WHERE "ar_internal_metadata"."key" = $1 LIMIT $2[0m  [["key", "environment"], ["LIMIT", 1]]
  [1m[35m (0.2ms)[0m  [1m[35mBEGIN[0m
  [1m[35m (0.1ms)[0m  [1m[35mCOMMIT[0m
  [1m[35m (0.3ms)[0m  [1m[34mSELECT pg_advisory_unlock(4060398569113142865)[0m
  [1m[36mActiveRecord::SchemaMigration Load (0.2ms)[0m  [1m[34mSELECT "schema_migrations".* FROM "schema_migrations"[0m
  [1m[36mActiveRecord::SchemaMigration Load (0.5ms)[0m  [1m[34mSELECT "schema_migrations".* FROM "schema_migrations"[0m
  [1m[35m (0.4ms)[0m  [1m[34mSELECT "ar_internal_metadata"."value" FROM "ar_internal_metadata" WHERE "ar_internal_metadata"."key" = $1[0m  [["key", "environment"]]
  [1m[36mActiveRecord::SchemaMigration Load (0.2ms)[0m  [1m[34mSELECT "schema_migrations".* FROM "schema_migrations"[0m
  [1m[35m (0.2ms)[0m  [1m[34mSELECT "ar_internal_metadata"."value" FROM "ar_internal_metadata" WHERE "ar_internal_metadata"."key" = $1[0m  [["key", "environment"]]
  [1m[36mActiveRecord::SchemaMigration Load (0.2ms)[0m  [1m[34mSELECT "schema_migrations".* FROM "schema_migrations"[0m
  [1m[35m (0.2ms)[0m  [1m[34mSELECT "ar_internal_metadata"."value" FROM "ar_internal_metadata" WHERE "ar_internal_metadata"."key" = $1[0m  [["key", "environment"]]
  [1m[35m (68.7ms)[0m  [1m[35mDROP DATABASE IF EXISTS "dapper-homework-dev"[0m
  [1m[35m (81.7ms)[0m  [1m[35mDROP DATABASE IF EXISTS "dapper-homework-test"[0m
  [1m[35m (327.6ms)[0m  [1m[35mCREATE DATABASE "dapper-homework-dev" ENCODING = 'unicode'[0m
  [1m[35m (271.6ms)[0m  [1m[35mCREATE DATABASE "dapper-homework-test" ENCODING = 'unicode'[0m
  [1m[35mSQL (0.9ms)[0m  [1m[35mCREATE EXTENSION IF NOT EXISTS "plpgsql"[0m
  [1m[35m (8.5ms)[0m  [1m[35mCREATE TABLE "logins" ("email" character varying, "password" character varying, "created_at" timestamp, "updated_at" timestamp)[0m
  [1m[35m (1.8ms)[0m  [1m[35mCREATE TABLE "tokens" ("token" character varying, "created_at" timestamp, "updated_at" timestamp)[0m
  [1m[35m (8.4ms)[0m  [1m[35mCREATE TABLE "users" ("id" serial primary key, "email" character varying, "first_name" character varying, "last_name" character varying, "created_at" timestamp, "updated_at" timestamp)[0m
  [1m[35m (2.6ms)[0m  [1m[35mCREATE TABLE "schema_migrations" ("version" character varying PRIMARY KEY)[0m
  [1m[35m (0.4ms)[0m  [1m[34mSELECT version FROM "schema_migrations"[0m
  [1m[35m (0.5ms)[0m  [1m[32mINSERT INTO "schema_migrations" (version) VALUES (20220118230311)[0m
  [1m[35m (0.4ms)[0m  [1m[32mINSERT INTO "schema_migrations" (version) VALUES
(20220118181639),
(0);

[0m
  [1m[35m (5.7ms)[0m  [1m[35mCREATE TABLE "ar_internal_metadata" ("key" character varying PRIMARY KEY, "value" character varying, "created_at" timestamp NOT NULL, "updated_at" timestamp NOT NULL)[0m
  [1m[36mActiveRecord::InternalMetadata Load (0.4ms)[0m  [1m[34mSELECT  "ar_internal_metadata".* FROM "ar_internal_metadata" WHERE "ar_internal_metadata"."key" = $1 LIMIT $2[0m  [["key", "environment"], ["LIMIT", 1]]
  [1m[35m (0.6ms)[0m  [1m[35mBEGIN[0m
  [1m[35mSQL (1.8ms)[0m  [1m[32mINSERT INTO "ar_internal_metadata" ("key", "value", "created_at", "updated_at") VALUES ($1, $2, $3, $4) RETURNING "key"[0m  [["key", "environment"], ["value", "development"], ["created_at", "2022-01-18 23:39:54.692189"], ["updated_at", "2022-01-18 23:39:54.692189"]]
  [1m[35m (0.3ms)[0m  [1m[35mCOMMIT[0m
  [1m[36mActiveRecord::InternalMetadata Load (0.3ms)[0m  [1m[34mSELECT  "ar_internal_metadata".* FROM "ar_internal_metadata" WHERE "ar_internal_metadata"."key" = $1 LIMIT $2[0m  [["key", "environment"], ["LIMIT", 1]]
  [1m[35m (0.2ms)[0m  [1m[35mBEGIN[0m
  [1m[35m (0.2ms)[0m  [1m[35mCOMMIT[0m
  [1m[35mSQL (0.4ms)[0m  [1m[35mCREATE EXTENSION IF NOT EXISTS "plpgsql"[0m
  [1m[35m (4.8ms)[0m  [1m[35mCREATE TABLE "logins" ("email" character varying, "password" character varying, "created_at" timestamp, "updated_at" timestamp)[0m
  [1m[35m (2.8ms)[0m  [1m[35mCREATE TABLE "tokens" ("token" character varying, "created_at" timestamp, "updated_at" timestamp)[0m
  [1m[35m (6.5ms)[0m  [1m[35mCREATE TABLE "users" ("id" serial primary key, "email" character varying, "first_name" character varying, "last_name" character varying, "created_at" timestamp, "updated_at" timestamp)[0m
  [1m[35m (3.9ms)[0m  [1m[35mCREATE TABLE "schema_migrations" ("version" character varying PRIMARY KEY)[0m
  [1m[35m (0.7ms)[0m  [1m[34mSELECT version FROM "schema_migrations"[0m
  [1m[35m (0.8ms)[0m  [1m[32mINSERT INTO "schema_migrations" (version) VALUES (20220118230311)[0m
  [1m[35m (0.4ms)[0m  [1m[32mINSERT INTO "schema_migrations" (version) VALUES
(20220118181639),
(0);

[0m
  [1m[35m (4.2ms)[0m  [1m[35mCREATE TABLE "ar_internal_metadata" ("key" character varying PRIMARY KEY, "value" character varying, "created_at" timestamp NOT NULL, "updated_at" timestamp NOT NULL)[0m
  [1m[36mActiveRecord::InternalMetadata Load (0.9ms)[0m  [1m[34mSELECT  "ar_internal_metadata".* FROM "ar_internal_metadata" WHERE "ar_internal_metadata"."key" = $1 LIMIT $2[0m  [["key", "environment"], ["LIMIT", 1]]
  [1m[35m (0.2ms)[0m  [1m[35mBEGIN[0m
  [1m[35mSQL (0.5ms)[0m  [1m[32mINSERT INTO "ar_internal_metadata" ("key", "value", "created_at", "updated_at") VALUES ($1, $2, $3, $4) RETURNING "key"[0m  [["key", "environment"], ["value", "development"], ["created_at", "2022-01-18 23:39:54.798880"], ["updated_at", "2022-01-18 23:39:54.798880"]]
  [1m[35m (0.6ms)[0m  [1m[35mCOMMIT[0m
  [1m[36mActiveRecord::InternalMetadata Load (0.2ms)[0m  [1m[34mSELECT  "ar_internal_metadata".* FROM "ar_internal_metadata" WHERE "ar_internal_metadata"."key" = $1 LIMIT $2[0m  [["key", "environment"], ["LIMIT", 1]]
  [1m[35m (0.2ms)[0m  [1m[35mBEGIN[0m
  [1m[35mSQL (0.9ms)[0m  [1m[33mUPDATE "ar_internal_metadata" SET "value" = $1, "updated_at" = $2 WHERE "ar_internal_metadata"."key" = $3[0m  [["value", "test"], ["updated_at", "2022-01-18 23:39:54.804505"], ["key", "environment"]]
  [1m[35m (0.7ms)[0m  [1m[35mCOMMIT[0m
  [1m[36mActiveRecord::SchemaMigration Load (0.5ms)[0m  [1m[34mSELECT "schema_migrations".* FROM "schema_migrations"[0m
  [1m[36mActiveRecord::SchemaMigration Load (0.6ms)[0m  [1m[34mSELECT "schema_migrations".* FROM "schema_migrations"[0m
  [1m[35m (0.4ms)[0m  [1m[34mSELECT "ar_internal_metadata"."value" FROM "ar_internal_metadata" WHERE "ar_internal_metadata"."key" = $1[0m  [["key", "environment"]]
  [1m[36mActiveRecord::SchemaMigration Load (0.2ms)[0m  [1m[34mSELECT "schema_migrations".* FROM "schema_migrations"[0m
  [1m[35m (0.2ms)[0m  [1m[34mSELECT "ar_internal_metadata"."value" FROM "ar_internal_metadata" WHERE "ar_internal_metadata"."key" = $1[0m  [["key", "environment"]]
  [1m[36mActiveRecord::SchemaMigration Load (0.2ms)[0m  [1m[34mSELECT "schema_migrations".* FROM "schema_migrations"[0m
  [1m[35m (0.4ms)[0m  [1m[34mSELECT "ar_internal_metadata"."value" FROM "ar_internal_metadata" WHERE "ar_internal_metadata"."key" = $1[0m  [["key", "environment"]]
  [1m[35m (31.8ms)[0m  [1m[35mDROP DATABASE IF EXISTS "dapper-homework-dev"[0m
  [1m[35m (0.2ms)[0m  [1m[35mDROP DATABASE IF EXISTS "dapper-homework-test"[0m
  [1m[35m (15.4ms)[0m  [1m[35mCREATE TABLE "schema_migrations" ("version" character varying PRIMARY KEY)[0m
  [1m[35m (25.7ms)[0m  [1m[35mCREATE TABLE "ar_internal_metadata" ("key" character varying PRIMARY KEY, "value" character varying, "created_at" timestamp NOT NULL, "updated_at" timestamp NOT NULL)[0m
  [1m[35m (0.3ms)[0m  [1m[34mSELECT pg_try_advisory_lock(4060398569113142865);[0m
  [1m[36mActiveRecord::SchemaMigration Load (0.5ms)[0m  [1m[34mSELECT "schema_migrations".* FROM "schema_migrations"[0m
Migrating to InitTables (0)
  [1m[35m (0.2ms)[0m  [1m[35mBEGIN[0m
DEPRECATION WARNING: Directly inheriting from ActiveRecord::Migration is deprecated. Please specify the Rails release the migration was written for:

  class InitTables < ActiveRecord::Migration[4.2] (called from load at /Users/pbardon/.rbenv/versions/2.7.5/bin/rake:23)
  [1m[35m (7.6ms)[0m  [1m[35mCREATE TABLE "logins" ("email" character varying, "password" character varying, "created_at" timestamp, "updated_at" timestamp)[0m
  [1m[35m (7.7ms)[0m  [1m[35mCREATE TABLE "tokens" ("token" character varying, "created_at" timestamp, "updated_at" timestamp)[0m
  [1m[35m (6.9ms)[0m  [1m[35mCREATE TABLE "users" ("email" character varying, "first_name" character varying, "last_name" character varying, "created_at" timestamp, "updated_at" timestamp)[0m
  [1m[35mSQL (0.9ms)[0m  [1m[32mINSERT INTO "schema_migrations" ("version") VALUES ($1) RETURNING "version"[0m  [["version", "0"]]
  [1m[35m (0.6ms)[0m  [1m[35mCOMMIT[0m
Migrating to AddIdToUsers (20220118181639)
  [1m[35m (0.3ms)[0m  [1m[35mBEGIN[0m
  [1m[35m (31.9ms)[0m  [1m[35mALTER TABLE "users" ADD "id" serial primary key[0m
  [1m[35mSQL (0.3ms)[0m  [1m[32mINSERT INTO "schema_migrations" ("version") VALUES ($1) RETURNING "version"[0m  [["version", "20220118181639"]]
  [1m[35m (1.7ms)[0m  [1m[35mCOMMIT[0m
Migrating to AddPasswordDigestToUser (20220118230311)
  [1m[35m (5.7ms)[0m  [1m[35mBEGIN[0m
  [1m[35m (0.3ms)[0m  [1m[35mALTER TABLE "users" ADD "password_digest" character varying[0m
  [1m[35mSQL (0.3ms)[0m  [1m[32mINSERT INTO "schema_migrations" ("version") VALUES ($1) RETURNING "version"[0m  [["version", "20220118230311"]]
  [1m[35m (6.2ms)[0m  [1m[35mCOMMIT[0m
  [1m[36mActiveRecord::InternalMetadata Load (0.4ms)[0m  [1m[34mSELECT  "ar_internal_metadata".* FROM "ar_internal_metadata" WHERE "ar_internal_metadata"."key" = $1 LIMIT $2[0m  [["key", "environment"], ["LIMIT", 1]]
  [1m[35m (0.2ms)[0m  [1m[35mBEGIN[0m
  [1m[35mSQL (0.5ms)[0m  [1m[32mINSERT INTO "ar_internal_metadata" ("key", "value", "created_at", "updated_at") VALUES ($1, $2, $3, $4) RETURNING "key"[0m  [["key", "environment"], ["value", "development"], ["created_at", "2022-01-18 23:43:29.167122"], ["updated_at", "2022-01-18 23:43:29.167122"]]
  [1m[35m (5.9ms)[0m  [1m[35mCOMMIT[0m
  [1m[35m (0.2ms)[0m  [1m[34mSELECT pg_advisory_unlock(4060398569113142865)[0m
  [1m[36mActiveRecord::SchemaMigration Load (0.2ms)[0m  [1m[34mSELECT "schema_migrations".* FROM "schema_migrations"[0m
Started GET "/api-docs/index.html" for ::1 at 2022-01-18 20:47:10 -0700
  [1m[36mActiveRecord::SchemaMigration Load (26.6ms)[0m  [1m[34mSELECT "schema_migrations".* FROM "schema_migrations"[0m
Started GET "/api-docs/swagger-ui.css" for ::1 at 2022-01-18 20:47:11 -0700
Started GET "/api-docs/swagger-ui-bundle.js" for ::1 at 2022-01-18 20:47:11 -0700
Started GET "/api-docs/swagger-ui-standalone-preset.js" for ::1 at 2022-01-18 20:47:11 -0700
Started GET "/api-docs/favicon-32x32.png" for ::1 at 2022-01-18 20:47:12 -0700
Started GET "/api-docs/v1/swagger.yaml" for ::1 at 2022-01-18 20:47:13 -0700
Started GET "/api/v1/users" for ::1 at 2022-01-18 20:47:24 -0700
Processing by UsersController#index as JSON
  [1m[36mToken Load (0.9ms)[0m  [1m[34mSELECT  "tokens".* FROM "tokens" WHERE "tokens"."token" IS NULL LIMIT $1[0m  [["LIMIT", 1]]
No template found for UsersController#index, rendering head :no_content
Completed 204 No Content in 20ms (ActiveRecord: 11.1ms)


Started GET "/api/v1/users" for ::1 at 2022-01-18 20:47:44 -0700
Processing by UsersController#index as JSON
  [1m[36mToken Load (2.9ms)[0m  [1m[34mSELECT  "tokens".* FROM "tokens" WHERE "tokens"."token" IS NULL LIMIT $1[0m  [["LIMIT", 1]]
No template found for UsersController#index, rendering head :no_content
Completed 204 No Content in 8ms (ActiveRecord: 2.9ms)


Started GET "/api/v1/users" for ::1 at 2022-01-18 20:48:19 -0700
  [1m[36mActiveRecord::SchemaMigration Load (0.6ms)[0m  [1m[34mSELECT "schema_migrations".* FROM "schema_migrations"[0m
Processing by UsersController#index as JSON
  [1m[36mToken Load (0.9ms)[0m  [1m[34mSELECT  "tokens".* FROM "tokens" WHERE "tokens"."token" IS NULL LIMIT $1[0m  [["LIMIT", 1]]
Completed 500 Internal Server Error in 80ms (ActiveRecord: 2.5ms)


  
NoMethodError (undefined method `jsos' for #<UsersController:0x00007fe22589cf38>
Did you mean?  JSON):
  
app/controllers/users_controller.rb:13:in `index'
Started GET "/api/v1/users" for ::1 at 2022-01-18 20:48:54 -0700
  [1m[36mActiveRecord::SchemaMigration Load (0.7ms)[0m  [1m[34mSELECT "schema_migrations".* FROM "schema_migrations"[0m
Processing by UsersController#index as JSON
  [1m[36mToken Load (0.3ms)[0m  [1m[34mSELECT  "tokens".* FROM "tokens" WHERE "tokens"."token" IS NULL LIMIT $1[0m  [["LIMIT", 1]]
Completed 401 Unauthorized in 7ms (Views: 0.8ms | ActiveRecord: 1.5ms)


Started GET "/api/v1/users" for ::1 at 2022-01-18 20:49:21 -0700
Processing by UsersController#index as JSON
  [1m[36mToken Load (0.5ms)[0m  [1m[34mSELECT  "tokens".* FROM "tokens" WHERE "tokens"."token" IS NULL LIMIT $1[0m  [["LIMIT", 1]]
Completed 401 Unauthorized in 2ms (Views: 0.2ms | ActiveRecord: 0.5ms)


Started GET "/api/v1/users" for ::1 at 2022-01-18 20:52:12 -0700
Processing by UsersController#index as JSON
  [1m[36mToken Load (0.5ms)[0m  [1m[34mSELECT  "tokens".* FROM "tokens" WHERE "tokens"."token" IS NULL LIMIT $1[0m  [["LIMIT", 1]]
Completed 401 Unauthorized in 12ms (Views: 1.5ms | ActiveRecord: 0.5ms)


Started GET "/api/v1/users" for ::1 at 2022-01-18 20:52:18 -0700
Processing by UsersController#index as JSON
  [1m[36mToken Load (0.4ms)[0m  [1m[34mSELECT  "tokens".* FROM "tokens" WHERE "tokens"."token" IS NULL LIMIT $1[0m  [["LIMIT", 1]]
Completed 401 Unauthorized in 2ms (Views: 0.7ms | ActiveRecord: 0.4ms)


Started POST "/api/v1/signup" for ::1 at 2022-01-18 20:52:46 -0700
Processing by SignupController#create as */*
  Parameters: {"email"=>"tester@test.io", "firstName"=>"Foo", "lastName"=>"Bar", "password"=>"[FILTERED]"}
  [1m[35m (0.2ms)[0m  [1m[35mBEGIN[0m
  [1m[36mUser Exists (19.0ms)[0m  [1m[34mSELECT  1 AS one FROM "users" WHERE "users"."email" = $1 LIMIT $2[0m  [["email", "tester@test.io"], ["LIMIT", 1]]
  [1m[35mSQL (1.4ms)[0m  [1m[32mINSERT INTO "users" ("email", "first_name", "last_name", "created_at", "updated_at", "password_digest") VALUES ($1, $2, $3, $4, $5, $6) RETURNING "id"[0m  [["email", "tester@test.io"], ["first_name", "Foo"], ["last_name", "Bar"], ["created_at", "2022-01-19 03:52:46.494429"], ["updated_at", "2022-01-19 03:52:46.494429"], ["password_digest", "$2a$12$jj4DNXh/synXX8XAFXr55eSNX8/AHrbnabI6kjRt7Hy3xd5jCLzWy"]]
  [1m[35m (13.5ms)[0m  [1m[35mCOMMIT[0m
  [1m[35m (0.2ms)[0m  [1m[35mBEGIN[0m
  [1m[35mSQL (0.7ms)[0m  [1m[32mINSERT INTO "tokens" ("token", "created_at", "updated_at") VALUES ($1, $2, $3)[0m  [["token", "eyJhbGciOiJIUzI1NiJ9.eyJ1c2VyX2lkIjoxfQ.IaETquk7UreJV9wtSDMTeGQug4VxdYaSIgtdFyk5HRk"], ["created_at", "2022-01-19 03:52:46.528198"], ["updated_at", "2022-01-19 03:52:46.528198"]]
  [1m[35m (0.3ms)[0m  [1m[35mCOMMIT[0m
Completed 200 OK in 402ms (Views: 0.2ms | ActiveRecord: 69.5ms)


Started GET "/api-docs/swagger-ui.css" for ::1 at 2022-01-18 20:52:52 -0700
Started GET "/api-docs/swagger-ui-bundle.js.map" for ::1 at 2022-01-18 20:52:53 -0700
Started GET "/api-docs/swagger-ui-standalone-preset.js.map" for ::1 at 2022-01-18 20:52:53 -0700
Started GET "/api-docs/swagger-ui.css.map" for ::1 at 2022-01-18 20:52:53 -0700
Started POST "/api/v1/signup" for ::1 at 2022-01-18 20:53:59 -0700
Processing by SignupController#create as */*
  Parameters: {"email"=>"tester@test.io", "firstName"=>"Foo", "lastName"=>"Bar", "password"=>"[FILTERED]"}
  [1m[35m (0.2ms)[0m  [1m[35mBEGIN[0m
  [1m[36mUser Exists (0.9ms)[0m  [1m[34mSELECT  1 AS one FROM "users" WHERE "users"."email" = $1 LIMIT $2[0m  [["email", "tester@test.io"], ["LIMIT", 1]]
  [1m[35m (0.3ms)[0m  [1m[31mROLLBACK[0m
  [1m[35m (0.2ms)[0m  [1m[35mBEGIN[0m
  [1m[35mSQL (11.7ms)[0m  [1m[32mINSERT INTO "tokens" ("token", "created_at", "updated_at") VALUES ($1, $2, $3)[0m  [["token", "eyJhbGciOiJIUzI1NiJ9.eyJ1c2VyX2lkIjpudWxsfQ.rT-L0meyqay1D1PkUKold4prXLIo-6iF9eDTBkpLc14"], ["created_at", "2022-01-19 03:53:59.555373"], ["updated_at", "2022-01-19 03:53:59.555373"]]
  [1m[35m (6.8ms)[0m  [1m[35mCOMMIT[0m
Completed 200 OK in 109223ms (Views: 0.4ms | ActiveRecord: 89.5ms)


Started POST "/api/v1/signup" for ::1 at 2022-01-18 20:56:10 -0700
  [1m[36mActiveRecord::SchemaMigration Load (0.7ms)[0m  [1m[34mSELECT "schema_migrations".* FROM "schema_migrations"[0m
Processing by SignupController#create as */*
  Parameters: {"email"=>"tester@test.io", "firstName"=>"Foo", "lastName"=>"Bar", "password"=>"[FILTERED]"}
  [1m[35m (0.2ms)[0m  [1m[35mBEGIN[0m
  [1m[36mUser Exists (0.7ms)[0m  [1m[34mSELECT  1 AS one FROM "users" WHERE "users"."email" = $1 LIMIT $2[0m  [["email", "tester@test.io"], ["LIMIT", 1]]
  [1m[35m (0.2ms)[0m  [1m[31mROLLBACK[0m
  [1m[35m (0.2ms)[0m  [1m[35mBEGIN[0m
  [1m[35mSQL (0.4ms)[0m  [1m[32mINSERT INTO "tokens" ("token", "created_at", "updated_at") VALUES ($1, $2, $3)[0m  [["token", "eyJhbGciOiJIUzI1NiJ9.eyJ1c2VyX2lkIjpudWxsfQ.rT-L0meyqay1D1PkUKold4prXLIo-6iF9eDTBkpLc14"], ["created_at", "2022-01-19 03:56:11.294476"], ["updated_at", "2022-01-19 03:56:11.294476"]]
  [1m[35m (6.2ms)[0m  [1m[35mCOMMIT[0m
Completed 200 OK in 10233ms (Views: 0.2ms | ActiveRecord: 13.9ms)


Started POST "/api/v1/signup" for ::1 at 2022-01-18 20:56:30 -0700
Processing by SignupController#create as */*
  Parameters: {"email"=>"tester2@test.io", "firstName"=>"Foo", "lastName"=>"Bar", "password"=>"[FILTERED]"}
  [1m[35m (0.2ms)[0m  [1m[35mBEGIN[0m
  [1m[36mUser Exists (1.2ms)[0m  [1m[34mSELECT  1 AS one FROM "users" WHERE "users"."email" = $1 LIMIT $2[0m  [["email", "tester2@test.io"], ["LIMIT", 1]]
  [1m[35mSQL (0.7ms)[0m  [1m[32mINSERT INTO "users" ("email", "first_name", "last_name", "created_at", "updated_at", "password_digest") VALUES ($1, $2, $3, $4, $5, $6) RETURNING "id"[0m  [["email", "tester2@test.io"], ["first_name", "Foo"], ["last_name", "Bar"], ["created_at", "2022-01-19 03:56:31.283972"], ["updated_at", "2022-01-19 03:56:31.283972"], ["password_digest", "$2a$12$NbbAJ4.Ro0xvodwlwNs6SOjW6Nav9HjKGpv9ma8pOR1ISw5jwsJKy"]]
  [1m[35m (0.5ms)[0m  [1m[35mCOMMIT[0m
  [1m[35m (0.2ms)[0m  [1m[35mBEGIN[0m
  [1m[35mSQL (0.3ms)[0m  [1m[32mINSERT INTO "tokens" ("token", "created_at", "updated_at") VALUES ($1, $2, $3)[0m  [["token", "eyJhbGciOiJIUzI1NiJ9.eyJ1c2VyX2lkIjoyfQ.fvo6AO1xjIKoHC8Z3N--lGOHwykWaTJRuCF403ouGEQ"], ["created_at", "2022-01-19 03:56:31.287388"], ["updated_at", "2022-01-19 03:56:31.287388"]]
  [1m[35m (0.3ms)[0m  [1m[35mCOMMIT[0m
Completed 200 OK in 4074ms (Views: 0.3ms | ActiveRecord: 5.0ms)


Started GET "/api-docs/index.html" for ::1 at 2022-01-18 20:56:42 -0700
Started GET "/api-docs/swagger-ui.css" for ::1 at 2022-01-18 20:56:42 -0700
Started GET "/api-docs/swagger-ui-bundle.js" for ::1 at 2022-01-18 20:56:42 -0700
Started GET "/api-docs/swagger-ui-standalone-preset.js" for ::1 at 2022-01-18 20:56:42 -0700
Started GET "/api-docs/favicon-32x32.png" for ::1 at 2022-01-18 20:56:43 -0700
Started GET "/api-docs/v1/swagger.yaml" for ::1 at 2022-01-18 20:56:43 -0700
Started GET "/api-docs/favicon-32x32.png" for ::1 at 2022-01-18 20:56:44 -0700
Started GET "/api-docs/index.html" for ::1 at 2022-01-18 20:56:54 -0700
  [1m[36mActiveRecord::SchemaMigration Load (0.5ms)[0m  [1m[34mSELECT "schema_migrations".* FROM "schema_migrations"[0m
Started GET "/api-docs/swagger-ui-bundle.js" for ::1 at 2022-01-18 20:56:54 -0700
Started GET "/api-docs/swagger-ui-standalone-preset.js" for ::1 at 2022-01-18 20:56:54 -0700
Started GET "/api-docs/swagger-ui.css" for ::1 at 2022-01-18 20:56:54 -0700
Started GET "/api-docs/favicon-32x32.png" for ::1 at 2022-01-18 20:56:54 -0700
Started GET "/api-docs/v1/swagger.yaml" for ::1 at 2022-01-18 20:56:55 -0700
Started GET "/api-docs/favicon-32x32.png" for ::1 at 2022-01-18 20:56:55 -0700
Started POST "/api/v1/signup" for ::1 at 2022-01-18 20:57:14 -0700
Processing by SignupController#create as JSON
  Parameters: {"email"=>"test123@test.io", "firstName"=>"foo", "lastName"=>"bar", "password"=>"[FILTERED]"}
  [1m[35m (0.2ms)[0m  [1m[35mBEGIN[0m
  [1m[36mUser Exists (0.7ms)[0m  [1m[34mSELECT  1 AS one FROM "users" WHERE "users"."email" = $1 LIMIT $2[0m  [["email", "test123@test.io"], ["LIMIT", 1]]
  [1m[35mSQL (0.5ms)[0m  [1m[32mINSERT INTO "users" ("email", "first_name", "last_name", "created_at", "updated_at", "password_digest") VALUES ($1, $2, $3, $4, $5, $6) RETURNING "id"[0m  [["email", "test123@test.io"], ["first_name", "foo"], ["last_name", "bar"], ["created_at", "2022-01-19 03:57:15.127274"], ["updated_at", "2022-01-19 03:57:15.127274"], ["password_digest", "$2a$12$Pbg.XAjewykEJD21TYd86eJSK/7FHg0oaKMFHNP8ky3sddpfLPbki"]]
  [1m[35m (12.6ms)[0m  [1m[35mCOMMIT[0m
  [1m[35m (1.5ms)[0m  [1m[35mBEGIN[0m
  [1m[35mSQL (0.8ms)[0m  [1m[32mINSERT INTO "tokens" ("token", "created_at", "updated_at") VALUES ($1, $2, $3)[0m  [["token", "eyJhbGciOiJIUzI1NiJ9.eyJ1c2VyX2lkIjozfQ.75qJamVJZifsxm5yygRxAp8gHBZZUf1GIo4OLqYqkEg"], ["created_at", "2022-01-19 03:57:15.178785"], ["updated_at", "2022-01-19 03:57:15.178785"]]
  [1m[35m (0.3ms)[0m  [1m[35mCOMMIT[0m
Completed 200 OK in 4096ms (Views: 0.3ms | ActiveRecord: 22.1ms)


Started GET "/api/v1/users" for ::1 at 2022-01-18 20:57:39 -0700
Processing by UsersController#index as JSON
  [1m[36mToken Load (1.0ms)[0m  [1m[34mSELECT  "tokens".* FROM "tokens" WHERE "tokens"."token" IS NULL LIMIT $1[0m  [["LIMIT", 1]]
Completed 401 Unauthorized in 3ms (Views: 0.2ms | ActiveRecord: 1.0ms)


Started GET "/api/v1/users" for ::1 at 2022-01-18 20:58:03 -0700
Processing by UsersController#index as JSON
  [1m[36mToken Load (0.6ms)[0m  [1m[34mSELECT  "tokens".* FROM "tokens" WHERE "tokens"."token" IS NULL LIMIT $1[0m  [["LIMIT", 1]]
Completed 401 Unauthorized in 2ms (Views: 0.1ms | ActiveRecord: 0.6ms)


Started GET "/api/v1/users" for ::1 at 2022-01-18 20:58:22 -0700
Processing by UsersController#index as JSON
Started GET "/api/v1/users" for ::1 at 2022-01-18 20:59:32 -0700
  [1m[36mToken Load (0.5ms)[0m  [1m[34mSELECT  "tokens".* FROM "tokens" WHERE "tokens"."token" IS NULL LIMIT $1[0m  [["LIMIT", 1]]
Completed 401 Unauthorized in 70650ms (Views: 0.1ms | ActiveRecord: 2.1ms)


Processing by UsersController#index as JSON
  [1m[36mToken Load (0.3ms)[0m  [1m[34mSELECT  "tokens".* FROM "tokens" WHERE "tokens"."token" = $1 LIMIT $2[0m  [["token", "eyJhbGciOiJIUzI1NiJ9.eyJ1c2VyX2lkIjozfQ.75qJamVJZifsxm5yygRxAp8gHBZZUf1GIo4OLqYqkEg"], ["LIMIT", 1]]
  [1m[36mCACHE (0.0ms)[0m  [1m[34mSELECT  "tokens".* FROM "tokens" WHERE "tokens"."token" = $1 LIMIT $2[0m  [["token", "eyJhbGciOiJIUzI1NiJ9.eyJ1c2VyX2lkIjozfQ.75qJamVJZifsxm5yygRxAp8gHBZZUf1GIo4OLqYqkEg"], ["LIMIT", 1]]
  [1m[36mUser Load (0.4ms)[0m  [1m[34mSELECT "users".* FROM "users"[0m
Completed 200 OK in 7500ms (Views: 0.3ms | ActiveRecord: 4.3ms)


DEPRECATION WARNING: The `cache_control` argument is deprecated,replaced by `headers: { 'Cache-Control' => {:index=>"index", :headers=>{}} }`,  and will be removed in Rails 5.1. (called from <top (required)> at /Users/pbardon/workspace/dapper-homework/config/environment.rb:5)
DEPRECATION WARNING: The `cache_control` argument is deprecated,replaced by `headers: { 'Cache-Control' => {:index=>"index", :headers=>{}} }`,  and will be removed in Rails 5.1. (called from <top (required)> at /Users/pbardon/workspace/dapper-homework/config/environment.rb:5)
  [1m[36mActiveRecord::SchemaMigration Load (0.6ms)[0m  [1m[34mSELECT "schema_migrations".* FROM "schema_migrations"[0m
  [1m[35m (18.3ms)[0m  [1m[34mSELECT "ar_internal_metadata"."value" FROM "ar_internal_metadata" WHERE "ar_internal_metadata"."key" = $1[0m  [["key", "environment"]]
  [1m[36mActiveRecord::SchemaMigration Load (0.4ms)[0m  [1m[34mSELECT "schema_migrations".* FROM "schema_migrations"[0m
  [1m[35m (0.3ms)[0m  [1m[34mSELECT "ar_internal_metadata"."value" FROM "ar_internal_metadata" WHERE "ar_internal_metadata"."key" = $1[0m  [["key", "environment"]]
  [1m[36mActiveRecord::SchemaMigration Load (0.2ms)[0m  [1m[34mSELECT "schema_migrations".* FROM "schema_migrations"[0m
  [1m[35m (0.2ms)[0m  [1m[34mSELECT "ar_internal_metadata"."value" FROM "ar_internal_metadata" WHERE "ar_internal_metadata"."key" = $1[0m  [["key", "environment"]]
  [1m[35m (44.2ms)[0m  [1m[35mDROP DATABASE IF EXISTS "dapper-homework-dev"[0m
  [1m[35m (59.7ms)[0m  [1m[35mDROP DATABASE IF EXISTS "dapper-homework-test"[0m
  [1m[35m (233.7ms)[0m  [1m[35mCREATE DATABASE "dapper-homework-dev" ENCODING = 'unicode'[0m
  [1m[35m (81.1ms)[0m  [1m[35mCREATE DATABASE "dapper-homework-test" ENCODING = 'unicode'[0m
  [1m[35mSQL (1.1ms)[0m  [1m[35mCREATE EXTENSION IF NOT EXISTS "plpgsql"[0m
  [1m[35m (11.1ms)[0m  [1m[35mCREATE TABLE "logins" ("email" character varying, "password" character varying, "created_at" timestamp, "updated_at" timestamp)[0m
  [1m[35m (2.6ms)[0m  [1m[35mCREATE TABLE "tokens" ("token" character varying, "created_at" timestamp, "updated_at" timestamp)[0m
  [1m[35m (18.9ms)[0m  [1m[35mCREATE TABLE "users" ("id" serial primary key, "email" character varying, "first_name" character varying, "last_name" character varying, "created_at" timestamp, "updated_at" timestamp, "password_digest" character varying)[0m
  [1m[35m (3.1ms)[0m  [1m[35mCREATE TABLE "schema_migrations" ("version" character varying PRIMARY KEY)[0m
  [1m[35m (0.5ms)[0m  [1m[34mSELECT version FROM "schema_migrations"[0m
  [1m[35m (0.6ms)[0m  [1m[32mINSERT INTO "schema_migrations" (version) VALUES (20220118230311)[0m
  [1m[35m (0.4ms)[0m  [1m[32mINSERT INTO "schema_migrations" (version) VALUES
(20220118181639),
(0);

[0m
  [1m[35m (3.3ms)[0m  [1m[35mCREATE TABLE "ar_internal_metadata" ("key" character varying PRIMARY KEY, "value" character varying, "created_at" timestamp NOT NULL, "updated_at" timestamp NOT NULL)[0m
  [1m[36mActiveRecord::InternalMetadata Load (1.1ms)[0m  [1m[34mSELECT  "ar_internal_metadata".* FROM "ar_internal_metadata" WHERE "ar_internal_metadata"."key" = $1 LIMIT $2[0m  [["key", "environment"], ["LIMIT", 1]]
  [1m[35m (0.5ms)[0m  [1m[35mBEGIN[0m
  [1m[35mSQL (1.6ms)[0m  [1m[32mINSERT INTO "ar_internal_metadata" ("key", "value", "created_at", "updated_at") VALUES ($1, $2, $3, $4) RETURNING "key"[0m  [["key", "environment"], ["value", "development"], ["created_at", "2022-01-19 17:35:18.600184"], ["updated_at", "2022-01-19 17:35:18.600184"]]
  [1m[35m (0.5ms)[0m  [1m[35mCOMMIT[0m
  [1m[36mActiveRecord::InternalMetadata Load (0.4ms)[0m  [1m[34mSELECT  "ar_internal_metadata".* FROM "ar_internal_metadata" WHERE "ar_internal_metadata"."key" = $1 LIMIT $2[0m  [["key", "environment"], ["LIMIT", 1]]
  [1m[35m (0.2ms)[0m  [1m[35mBEGIN[0m
  [1m[35m (0.2ms)[0m  [1m[35mCOMMIT[0m
  [1m[35mSQL (1.7ms)[0m  [1m[35mCREATE EXTENSION IF NOT EXISTS "plpgsql"[0m
  [1m[35m (8.4ms)[0m  [1m[35mCREATE TABLE "logins" ("email" character varying, "password" character varying, "created_at" timestamp, "updated_at" timestamp)[0m
  [1m[35m (2.6ms)[0m  [1m[35mCREATE TABLE "tokens" ("token" character varying, "created_at" timestamp, "updated_at" timestamp)[0m
  [1m[35m (33.7ms)[0m  [1m[35mCREATE TABLE "users" ("id" serial primary key, "email" character varying, "first_name" character varying, "last_name" character varying, "created_at" timestamp, "updated_at" timestamp, "password_digest" character varying)[0m
  [1m[35m (31.7ms)[0m  [1m[35mCREATE TABLE "schema_migrations" ("version" character varying PRIMARY KEY)[0m
  [1m[35m (0.6ms)[0m  [1m[34mSELECT version FROM "schema_migrations"[0m
  [1m[35m (0.8ms)[0m  [1m[32mINSERT INTO "schema_migrations" (version) VALUES (20220118230311)[0m
  [1m[35m (0.6ms)[0m  [1m[32mINSERT INTO "schema_migrations" (version) VALUES
(20220118181639),
(0);

[0m
  [1m[35m (6.8ms)[0m  [1m[35mCREATE TABLE "ar_internal_metadata" ("key" character varying PRIMARY KEY, "value" character varying, "created_at" timestamp NOT NULL, "updated_at" timestamp NOT NULL)[0m
  [1m[36mActiveRecord::InternalMetadata Load (2.4ms)[0m  [1m[34mSELECT  "ar_internal_metadata".* FROM "ar_internal_metadata" WHERE "ar_internal_metadata"."key" = $1 LIMIT $2[0m  [["key", "environment"], ["LIMIT", 1]]
  [1m[35m (0.2ms)[0m  [1m[35mBEGIN[0m
  [1m[35mSQL (1.1ms)[0m  [1m[32mINSERT INTO "ar_internal_metadata" ("key", "value", "created_at", "updated_at") VALUES ($1, $2, $3, $4) RETURNING "key"[0m  [["key", "environment"], ["value", "development"], ["created_at", "2022-01-19 17:35:18.772683"], ["updated_at", "2022-01-19 17:35:18.772683"]]
  [1m[35m (0.4ms)[0m  [1m[35mCOMMIT[0m
  [1m[36mActiveRecord::InternalMetadata Load (0.3ms)[0m  [1m[34mSELECT  "ar_internal_metadata".* FROM "ar_internal_metadata" WHERE "ar_internal_metadata"."key" = $1 LIMIT $2[0m  [["key", "environment"], ["LIMIT", 1]]
  [1m[35m (0.2ms)[0m  [1m[35mBEGIN[0m
  [1m[35mSQL (0.6ms)[0m  [1m[33mUPDATE "ar_internal_metadata" SET "value" = $1, "updated_at" = $2 WHERE "ar_internal_metadata"."key" = $3[0m  [["value", "test"], ["updated_at", "2022-01-19 17:35:18.780628"], ["key", "environment"]]
  [1m[35m (0.3ms)[0m  [1m[35mCOMMIT[0m
  [1m[36mActiveRecord::SchemaMigration Load (0.4ms)[0m  [1m[34mSELECT "schema_migrations".* FROM "schema_migrations"[0m
  [1m[36mActiveRecord::SchemaMigration Load (0.5ms)[0m  [1m[34mSELECT "schema_migrations".* FROM "schema_migrations"[0m
  [1m[35m (0.4ms)[0m  [1m[34mSELECT "ar_internal_metadata"."value" FROM "ar_internal_metadata" WHERE "ar_internal_metadata"."key" = $1[0m  [["key", "environment"]]
  [1m[36mActiveRecord::SchemaMigration Load (0.2ms)[0m  [1m[34mSELECT "schema_migrations".* FROM "schema_migrations"[0m
  [1m[35m (0.2ms)[0m  [1m[34mSELECT "ar_internal_metadata"."value" FROM "ar_internal_metadata" WHERE "ar_internal_metadata"."key" = $1[0m  [["key", "environment"]]
  [1m[36mActiveRecord::SchemaMigration Load (0.2ms)[0m  [1m[34mSELECT "schema_migrations".* FROM "schema_migrations"[0m
  [1m[35m (0.2ms)[0m  [1m[34mSELECT "ar_internal_metadata"."value" FROM "ar_internal_metadata" WHERE "ar_internal_metadata"."key" = $1[0m  [["key", "environment"]]
  [1m[35m (48.6ms)[0m  [1m[35mDROP DATABASE IF EXISTS "dapper-homework-dev"[0m
  [1m[35m (39.7ms)[0m  [1m[35mDROP DATABASE IF EXISTS "dapper-homework-test"[0m
  [1m[35m (23.5ms)[0m  [1m[35mCREATE TABLE "schema_migrations" ("version" character varying PRIMARY KEY)[0m
  [1m[35m (25.5ms)[0m  [1m[35mCREATE TABLE "ar_internal_metadata" ("key" character varying PRIMARY KEY, "value" character varying, "created_at" timestamp NOT NULL, "updated_at" timestamp NOT NULL)[0m
  [1m[35m (0.5ms)[0m  [1m[34mSELECT pg_try_advisory_lock(4060398569113142865);[0m
  [1m[36mActiveRecord::SchemaMigration Load (0.5ms)[0m  [1m[34mSELECT "schema_migrations".* FROM "schema_migrations"[0m
Migrating to InitTables (0)
  [1m[35m (0.2ms)[0m  [1m[35mBEGIN[0m
DEPRECATION WARNING: Directly inheriting from ActiveRecord::Migration is deprecated. Please specify the Rails release the migration was written for:

  class InitTables < ActiveRecord::Migration[4.2] (called from load at /Users/pbardon/.rbenv/versions/2.7.5/bin/rake:23)
  [1m[35m (7.5ms)[0m  [1m[35mCREATE TABLE "logins" ("email" character varying, "created_at" timestamp, "updated_at" timestamp)[0m
  [1m[35m (7.2ms)[0m  [1m[35mCREATE TABLE "tokens" ("token" character varying, "created_at" timestamp, "updated_at" timestamp)[0m
  [1m[35m (11.6ms)[0m  [1m[35mCREATE TABLE "users" ("email" character varying, "first_name" character varying, "last_name" character varying, "created_at" timestamp, "updated_at" timestamp)[0m
  [1m[35mSQL (0.5ms)[0m  [1m[32mINSERT INTO "schema_migrations" ("version") VALUES ($1) RETURNING "version"[0m  [["version", "0"]]
  [1m[35m (0.5ms)[0m  [1m[35mCOMMIT[0m
Migrating to AddIdToUsers (20220118181639)
  [1m[35m (0.8ms)[0m  [1m[35mBEGIN[0m
  [1m[35m (31.1ms)[0m  [1m[35mALTER TABLE "users" ADD "id" serial primary key[0m
  [1m[35mSQL (0.3ms)[0m  [1m[32mINSERT INTO "schema_migrations" ("version") VALUES ($1) RETURNING "version"[0m  [["version", "20220118181639"]]
  [1m[35m (1.8ms)[0m  [1m[35mCOMMIT[0m
Migrating to AddPasswordDigestToUser (20220118230311)
  [1m[35m (12.0ms)[0m  [1m[35mBEGIN[0m
  [1m[35m (0.3ms)[0m  [1m[35mALTER TABLE "users" ADD "password_digest" character varying[0m
  [1m[35mSQL (0.2ms)[0m  [1m[32mINSERT INTO "schema_migrations" ("version") VALUES ($1) RETURNING "version"[0m  [["version", "20220118230311"]]
  [1m[35m (6.1ms)[0m  [1m[35mCOMMIT[0m
  [1m[36mActiveRecord::InternalMetadata Load (0.6ms)[0m  [1m[34mSELECT  "ar_internal_metadata".* FROM "ar_internal_metadata" WHERE "ar_internal_metadata"."key" = $1 LIMIT $2[0m  [["key", "environment"], ["LIMIT", 1]]
  [1m[35m (0.2ms)[0m  [1m[35mBEGIN[0m
  [1m[35mSQL (0.6ms)[0m  [1m[32mINSERT INTO "ar_internal_metadata" ("key", "value", "created_at", "updated_at") VALUES ($1, $2, $3, $4) RETURNING "key"[0m  [["key", "environment"], ["value", "development"], ["created_at", "2022-01-19 17:37:52.807175"], ["updated_at", "2022-01-19 17:37:52.807175"]]
  [1m[35m (11.3ms)[0m  [1m[35mCOMMIT[0m
  [1m[35m (0.2ms)[0m  [1m[34mSELECT pg_advisory_unlock(4060398569113142865)[0m
  [1m[36mActiveRecord::SchemaMigration Load (1.9ms)[0m  [1m[34mSELECT "schema_migrations".* FROM "schema_migrations"[0m
Started GET "/api-docs" for ::1 at 2022-01-19 10:38:53 -0700
  [1m[36mActiveRecord::SchemaMigration Load (0.9ms)[0m  [1m[34mSELECT "schema_migrations".* FROM "schema_migrations"[0m
Started GET "/api-docs/index.html" for ::1 at 2022-01-19 10:38:53 -0700
Started GET "/api-docs/swagger-ui-bundle.js" for ::1 at 2022-01-19 10:38:53 -0700
Started GET "/api-docs/swagger-ui.css" for ::1 at 2022-01-19 10:38:53 -0700
Started GET "/api-docs/swagger-ui-standalone-preset.js" for ::1 at 2022-01-19 10:38:53 -0700
Started GET "/api-docs/favicon-32x32.png" for ::1 at 2022-01-19 10:38:54 -0700
Started GET "/api-docs/v1/swagger.yaml" for ::1 at 2022-01-19 10:38:55 -0700
Started POST "/api/v1/signup" for ::1 at 2022-01-19 10:39:26 -0700
Processing by SignupController#create as JSON
  Parameters: {"email"=>"test@test.io", "firstName"=>"Foo", "lastName"=>"Bar", "password"=>"[FILTERED]"}
  [1m[35m (0.2ms)[0m  [1m[35mBEGIN[0m
  [1m[36mUser Exists (7.9ms)[0m  [1m[34mSELECT  1 AS one FROM "users" WHERE "users"."email" = $1 LIMIT $2[0m  [["email", "test@test.io"], ["LIMIT", 1]]
  [1m[35mSQL (19.7ms)[0m  [1m[32mINSERT INTO "users" ("email", "first_name", "last_name", "created_at", "updated_at", "password_digest") VALUES ($1, $2, $3, $4, $5, $6) RETURNING "id"[0m  [["email", "test@test.io"], ["first_name", "Foo"], ["last_name", "Bar"], ["created_at", "2022-01-19 17:39:27.137553"], ["updated_at", "2022-01-19 17:39:27.137553"], ["password_digest", "$2a$12$Lr7skHzDc6e.bFsH8b53VOtQA.EioaU7UBCW7Vu0f6h4IpbKP6ah2"]]
  [1m[35m (0.9ms)[0m  [1m[35mCOMMIT[0m
  [1m[35m (0.2ms)[0m  [1m[35mBEGIN[0m
  [1m[35mSQL (12.8ms)[0m  [1m[32mINSERT INTO "tokens" ("token", "created_at", "updated_at") VALUES ($1, $2, $3)[0m  [["token", "eyJhbGciOiJIUzI1NiJ9.eyJ1c2VyX2lkIjoxfQ.IaETquk7UreJV9wtSDMTeGQug4VxdYaSIgtdFyk5HRk"], ["created_at", "2022-01-19 17:39:27.176402"], ["updated_at", "2022-01-19 17:39:27.176402"]]
  [1m[35m (0.6ms)[0m  [1m[35mCOMMIT[0m
Completed 200 OK in 375ms (Views: 0.3ms | ActiveRecord: 58.7ms)


Started GET "/api/v1/users" for ::1 at 2022-01-19 10:39:58 -0700
Processing by UsersController#index as JSON
  [1m[36mToken Load (5.1ms)[0m  [1m[34mSELECT  "tokens".* FROM "tokens" WHERE "tokens"."token" IS NULL LIMIT $1[0m  [["LIMIT", 1]]
Completed 401 Unauthorized in 10ms (Views: 0.5ms | ActiveRecord: 5.1ms)


Started POST "/api/v1/login" for ::1 at 2022-01-19 10:41:03 -0700
Processing by LoginController#create as JSON
  Parameters: {"email"=>"test@test.io", "password"=>"[FILTERED]"}
  [1m[36mUser Load (1.5ms)[0m  [1m[34mSELECT  "users".* FROM "users" WHERE "users"."email" = $1 LIMIT $2[0m  [["email", "test@test.io"], ["LIMIT", 1]]
  [1m[35m (0.5ms)[0m  [1m[35mBEGIN[0m
  [1m[35mSQL (0.6ms)[0m  [1m[32mINSERT INTO "tokens" ("token", "created_at", "updated_at") VALUES ($1, $2, $3)[0m  [["token", "eyJhbGciOiJIUzI1NiJ9.eyJ1c2VyX2lkIjoxfQ.IaETquk7UreJV9wtSDMTeGQug4VxdYaSIgtdFyk5HRk"], ["created_at", "2022-01-19 17:41:03.579162"], ["updated_at", "2022-01-19 17:41:03.579162"]]
  [1m[35m (0.8ms)[0m  [1m[35mCOMMIT[0m
  [1m[35m (0.4ms)[0m  [1m[35mBEGIN[0m
  [1m[35mSQL (2.3ms)[0m  [1m[32mINSERT INTO "logins" ("email", "created_at", "updated_at") VALUES ($1, $2, $3)[0m  [["email", "test@test.io"], ["created_at", "2022-01-19 17:41:03.686591"], ["updated_at", "2022-01-19 17:41:03.686591"]]
  [1m[35m (0.6ms)[0m  [1m[35mCOMMIT[0m
Completed 200 OK in 454ms (Views: 0.6ms | ActiveRecord: 53.1ms)


Started GET "/api/v1/users" for ::1 at 2022-01-19 10:41:23 -0700
Processing by UsersController#index as JSON
  [1m[36mToken Load (0.5ms)[0m  [1m[34mSELECT  "tokens".* FROM "tokens" WHERE "tokens"."token" = $1 LIMIT $2[0m  [["token", "eyJhbGciOiJIUzI1NiJ9.eyJ1c2VyX2lkIjoxfQ.IaETquk7UreJV9wtSDMTeGQug4VxdYaSIgtdFyk5HRk"], ["LIMIT", 1]]
  [1m[36mUser Load (0.4ms)[0m  [1m[34mSELECT "users".* FROM "users"[0m
Completed 200 OK in 5ms (Views: 0.2ms | ActiveRecord: 1.2ms)


